TN:
SF:src/app/controllers/student.controller.ts
FN:14,(anonymous_0)
FN:22,(anonymous_1)
FN:47,(anonymous_2)
FN:76,(anonymous_3)
FN:113,(anonymous_4)
FN:115,(anonymous_5)
FN:136,(anonymous_6)
FN:147,(anonymous_7)
FN:180,(anonymous_8)
FNF:9
FNH:9
FNDA:4,(anonymous_0)
FNDA:4,(anonymous_1)
FNDA:2,(anonymous_2)
FNDA:2,(anonymous_3)
FNDA:4,(anonymous_4)
FNDA:3,(anonymous_5)
FNDA:1,(anonymous_6)
FNDA:3,(anonymous_7)
FNDA:12,(anonymous_8)
DA:11,31
DA:13,31
DA:15,4
DA:16,4
DA:17,4
DA:18,4
DA:24,4
DA:25,1
DA:26,1
DA:28,3
DA:29,3
DA:30,3
DA:49,2
DA:50,2
DA:51,0
DA:52,0
DA:55,2
DA:56,2
DA:57,1
DA:58,1
DA:61,1
DA:78,2
DA:79,2
DA:80,0
DA:81,0
DA:84,2
DA:85,2
DA:86,1
DA:87,1
DA:89,1
DA:90,0
DA:91,0
DA:94,1
DA:115,4
DA:116,4
DA:117,1
DA:118,1
DA:120,3
DA:136,1
DA:149,3
DA:151,3
DA:152,1
DA:153,1
DA:156,2
DA:158,2
DA:159,1
DA:160,1
DA:163,1
DA:181,12
LF:49
LH:43
BRDA:15,0,0,4
BRDA:15,0,1,0
BRDA:18,1,0,4
BRDA:18,1,1,0
BRDA:24,2,0,1
BRDA:24,2,1,3
BRDA:50,3,0,0
BRDA:50,3,1,2
BRDA:50,4,0,2
BRDA:50,4,1,2
BRDA:56,5,0,1
BRDA:56,5,1,1
BRDA:79,6,0,0
BRDA:79,6,1,2
BRDA:79,7,0,2
BRDA:79,7,1,2
BRDA:85,8,0,1
BRDA:85,8,1,1
BRDA:89,9,0,0
BRDA:89,9,1,1
BRDA:115,10,0,3
BRDA:115,10,1,3
BRDA:116,11,0,1
BRDA:116,11,1,3
BRDA:151,12,0,1
BRDA:151,12,1,2
BRDA:151,13,0,3
BRDA:151,13,1,2
BRDA:158,14,0,1
BRDA:158,14,1,1
BRF:30
BRH:25
end_of_record
TN:
SF:src/app/schemas/student.schema.ts
FNF:0
FNH:0
DA:4,31
DA:6,31
DA:20,31
DA:33,31
DA:48,31
DA:63,31
DA:71,31
LF:7
LH:7
BRF:0
BRH:0
end_of_record
TN:
SF:src/app/services/student.service.ts
FN:16,(anonymous_0)
FN:25,(anonymous_1)
FN:44,(anonymous_2)
FN:44,(anonymous_3)
FN:46,(anonymous_4)
FN:46,(anonymous_5)
FN:48,(anonymous_6)
FN:49,(anonymous_7)
FN:55,(anonymous_8)
FN:56,(anonymous_9)
FN:69,(anonymous_10)
FN:72,(anonymous_11)
FN:73,(anonymous_12)
FN:77,(anonymous_13)
FN:81,(anonymous_14)
FN:82,(anonymous_15)
FN:88,(anonymous_16)
FN:89,(anonymous_17)
FN:92,(anonymous_18)
FNF:19
FNH:19
FNDA:12,(anonymous_0)
FNDA:803,(anonymous_1)
FNDA:2,(anonymous_2)
FNDA:41,(anonymous_3)
FNDA:4,(anonymous_4)
FNDA:121,(anonymous_5)
FNDA:3,(anonymous_6)
FNDA:120,(anonymous_7)
FNDA:3,(anonymous_8)
FNDA:120,(anonymous_9)
FNDA:1,(anonymous_10)
FNDA:40,(anonymous_11)
FNDA:40,(anonymous_12)
FNDA:39,(anonymous_13)
FNDA:2,(anonymous_14)
FNDA:41,(anonymous_15)
FNDA:2,(anonymous_16)
FNDA:41,(anonymous_17)
FNDA:40,(anonymous_18)
DA:13,31
DA:15,31
DA:17,12
DA:18,12
DA:20,12
DA:22,12
DA:23,5
DA:24,5
DA:25,5
DA:26,803
DA:27,803
DA:28,803
DA:29,163
DA:31,640
DA:37,12
DA:38,12
DA:39,12
DA:41,12
DA:44,41
DA:46,121
DA:49,120
DA:50,3
DA:51,3
DA:52,3
DA:56,3
DA:57,120
DA:58,40
DA:59,80
DA:60,39
DA:61,41
DA:62,0
DA:63,41
DA:64,41
DA:65,11
DA:70,1
DA:72,40
DA:73,1
DA:74,40
DA:75,40
DA:77,39
DA:78,1
DA:82,41
DA:83,2
DA:84,1
DA:85,1
DA:89,41
DA:90,2
DA:92,40
DA:93,1
DA:95,1
DA:96,1
LF:51
LH:50
BRDA:17,0,0,12
BRDA:17,0,1,9
BRDA:18,1,0,12
BRDA:18,1,1,3
BRDA:22,2,0,5
BRDA:22,2,1,7
BRDA:24,3,0,5
BRDA:24,3,1,0
BRDA:28,4,0,163
BRDA:28,4,1,640
BRDA:28,5,0,803
BRDA:28,5,1,163
BRDA:29,6,0,163
BRDA:29,6,1,0
BRDA:31,7,0,163
BRDA:31,7,1,477
BRDA:44,8,0,2
BRDA:44,8,1,1
BRDA:49,9,0,3
BRDA:49,9,1,0
BRDA:57,10,0,40
BRDA:57,10,1,80
BRDA:57,11,0,120
BRDA:57,11,1,40
BRDA:59,12,0,39
BRDA:59,12,1,41
BRDA:59,13,0,80
BRDA:59,13,1,40
BRDA:61,14,0,0
BRDA:61,14,1,41
BRDA:61,15,0,41
BRDA:61,15,1,0
BRDA:63,16,0,0
BRDA:63,16,1,41
BRDA:63,17,0,41
BRDA:63,17,1,0
BRDA:64,18,0,30
BRDA:64,18,1,11
BRDA:64,19,0,41
BRDA:64,19,1,40
BRDA:74,20,0,40
BRDA:74,20,1,4
BRDA:77,21,0,3
BRDA:77,21,1,36
BRDA:83,22,0,1
BRDA:83,22,1,1
BRDA:90,23,0,1
BRDA:90,23,1,1
BRDA:92,24,0,40
BRDA:92,24,1,0
BRDA:93,25,0,0
BRDA:93,25,1,1
BRF:52
BRH:43
end_of_record
